28 20:38:34:650 - ===== Initiated with secret_BwQ...
28 20:38:34:650 - retrive dataset info - threaded
28 20:38:34:650 - Base URL: https://api.notion.com/v1
28 20:38:34:650 - Resource: databases/b9067327e06f4b69a22f4c938d34622f
28 20:38:34:666 - Params: Notion-Version: 2022-06-28
Authorization: Bearer secret_BwQ

28 20:38:35:877 - Request Executed. Status: OK
28 20:38:35:877 - Projects [PT] found.
28 20:38:35:892 - ===== Initiated with secret_BwQ...
28 20:38:35:892 - Base URL: https://api.notion.com/v1
28 20:38:35:892 - Resource: databases/b9067327e06f4b69a22f4c938d34622f/query
28 20:38:35:892 - Params: Notion-Version: 2022-06-28
Authorization: Bearer secret_BwQ

28 20:38:36:405 - Request Executed. Status: OK
28 20:38:36:405 - ===== BYE =====
29 03:35:15:735 - ===== Initiated with secret_BwQ...
29 03:35:15:735 - retrive dataset info - threaded
29 03:35:15:735 - Base URL: https://api.notion.com/v1
29 03:35:15:735 - Resource: databases/b9067327e06f4b69a22f4c938d34622f
29 03:35:15:750 - Params: Notion-Version: 2022-06-28
Authorization: Bearer secret_BwQ

29 03:35:17:563 - Request Executed. Status: OK
29 03:35:17:563 - Projects [PT] found.
29 03:35:17:594 - ===== Initiated with secret_BwQ...
29 03:35:17:594 - Base URL: https://api.notion.com/v1
29 03:35:17:594 - Resource: databases/b9067327e06f4b69a22f4c938d34622f/query
29 03:35:17:594 - Params: Notion-Version: 2022-06-28
Authorization: Bearer secret_BwQ

29 03:35:18:891 - Request Executed. Status: OK
29 03:35:18:907 - ===== BYE =====
