28 20:38:34:650 - ===== Initiated with secret_BwQ...
28 20:38:34:650 - retrive dataset info - threaded
28 20:38:34:666 - Base URL: https://api.notion.com/v1
28 20:38:34:666 - Resource: databases/b1f45fec158848c5bda33a635ffd7628
28 20:38:34:666 - Params: Notion-Version: 2022-06-28
Authorization: Bearer secret_BwQ

28 20:38:35:541 - Request Executed. Status: OK
28 20:38:35:541 - Tasks [PT] found.
28 20:38:35:892 - ===== Initiated with secret_BwQ...
28 20:38:35:892 - Base URL: https://api.notion.com/v1
28 20:38:35:892 - Resource: databases/b1f45fec158848c5bda33a635ffd7628/query
28 20:38:35:892 - Params: Notion-Version: 2022-06-28
Authorization: Bearer secret_BwQ

28 20:38:36:342 - Request Executed. Status: OK
28 20:38:36:342 - ===== BYE =====
29 03:35:15:735 - ===== Initiated with secret_BwQ...
29 03:35:15:735 - retrive dataset info - threaded
29 03:35:15:750 - Base URL: https://api.notion.com/v1
29 03:35:15:750 - Resource: databases/b1f45fec158848c5bda33a635ffd7628
29 03:35:15:750 - Params: Notion-Version: 2022-06-28
Authorization: Bearer secret_BwQ

29 03:35:17:299 - Request Executed. Status: OK
29 03:35:17:299 - Tasks [PT] found.
29 03:35:17:594 - ===== Initiated with secret_BwQ...
29 03:35:17:594 - Base URL: https://api.notion.com/v1
29 03:35:17:594 - Resource: databases/b1f45fec158848c5bda33a635ffd7628/query
29 03:35:17:594 - Params: Notion-Version: 2022-06-28
Authorization: Bearer secret_BwQ

29 03:35:17:954 - Request Executed. Status: OK
29 03:35:17:969 - ===== BYE =====
