28 20:38:34:650 - ===== Initiated with secret_BwQ...
28 20:38:34:650 - retrive dataset info - threaded
28 20:38:34:650 - Base URL: https://api.notion.com/v1
28 20:38:34:650 - Resource: databases/b267f1af322f44d5b7081b8b5a29dd4a
28 20:38:34:666 - Params: Notion-Version: 2022-06-28
Authorization: Bearer secret_BwQ

28 20:38:35:236 - Request Executed. Status: OK
28 20:38:35:236 - Areas/Resources [PT] found.
28 20:38:35:892 - ===== Initiated with secret_BwQ...
28 20:38:35:892 - Base URL: https://api.notion.com/v1
28 20:38:35:892 - Resource: databases/b267f1af322f44d5b7081b8b5a29dd4a/query
28 20:38:35:892 - Params: Notion-Version: 2022-06-28
Authorization: Bearer secret_BwQ

28 20:38:36:541 - Request Executed. Status: OK
28 20:38:36:558 - ===== BYE =====
29 03:35:15:735 - ===== Initiated with secret_BwQ...
29 03:35:15:735 - retrive dataset info - threaded
29 03:35:15:735 - Base URL: https://api.notion.com/v1
29 03:35:15:735 - Resource: databases/b267f1af322f44d5b7081b8b5a29dd4a
29 03:35:15:735 - Params: Notion-Version: 2022-06-28
Authorization: Bearer secret_BwQ

29 03:35:17:267 - Request Executed. Status: OK
29 03:35:17:267 - Areas/Resources [PT] found.
29 03:35:17:579 - ===== Initiated with secret_BwQ...
29 03:35:17:579 - Base URL: https://api.notion.com/v1
29 03:35:17:594 - Resource: databases/b267f1af322f44d5b7081b8b5a29dd4a/query
29 03:35:17:594 - Params: Notion-Version: 2022-06-28
Authorization: Bearer secret_BwQ

29 03:35:18:204 - Request Executed. Status: OK
29 03:35:18:204 - ===== BYE =====
