28 20:38:34:650 - ===== Initiated with secret_BwQ...
28 20:38:34:666 - retrive dataset info - threaded
28 20:38:34:666 - Base URL: https://api.notion.com/v1
28 20:38:34:666 - Resource: databases/e9c75646f7164979a364f98d39371720
28 20:38:34:666 - Params: Notion-Version: 2022-06-28
Authorization: Bearer secret_BwQ

28 20:38:35:745 - Request Executed. Status: OK
28 20:38:35:760 - Notes [PT] found.
28 20:38:35:892 - ===== Initiated with secret_BwQ...
28 20:38:35:892 - Base URL: https://api.notion.com/v1
28 20:38:35:892 - Resource: databases/e9c75646f7164979a364f98d39371720/query
28 20:38:35:892 - Params: Notion-Version: 2022-06-28
Authorization: Bearer secret_BwQ
Body: {"page_size": 200}

28 20:38:37:267 - Request Executed. Status: OK
28 20:38:37:298 - ===== BYE =====
29 03:35:15:750 - ===== Initiated with secret_BwQ...
29 03:35:15:750 - retrive dataset info - threaded
29 03:35:15:750 - Base URL: https://api.notion.com/v1
29 03:35:15:750 - Resource: databases/e9c75646f7164979a364f98d39371720
29 03:35:15:750 - Params: Notion-Version: 2022-06-28
Authorization: Bearer secret_BwQ

29 03:35:16:422 - Request Executed. Status: OK
29 03:35:16:422 - Notes [PT] found.
29 03:35:17:579 - ===== Initiated with secret_BwQ...
29 03:35:17:594 - Base URL: https://api.notion.com/v1
29 03:35:17:594 - Resource: databases/e9c75646f7164979a364f98d39371720/query
29 03:35:17:594 - Params: Notion-Version: 2022-06-28
Authorization: Bearer secret_BwQ
Body: {"page_size": 200}

29 03:35:20:223 - Request Executed. Status: OK
29 03:35:20:235 - ===== BYE =====
